Build started 2018-05-17 오전 1:00:45.
     1>Project "D:\Users\BoGyeong\source\repos\Project\capstone\Rhythm_Game\Rhythm_Game\Rhythm_Game.vcxproj" on node 2 (Build target(s)).
     1>ClCompile:
         D:\Program Files (x86)\Microsoft Visual Studio 12.0\VC\bin\x86_amd64\CL.exe /c /I"D:\opencv-3.4.1\build\install\include" /I.\GeneratedFiles /I. /ID:\Qt\5.3\msvc2013_64_opengl\include /I.\GeneratedFiles\Release /ID:\Qt\5.3\msvc2013_64_opengl\include\QtCore /ID:\Qt\5.3\msvc2013_64_opengl\include\QtGui /ID:\Qt\5.3\msvc2013_64_opengl\include\QtWidgets /ID:\Qt\5.3\msvc2013_64_opengl\include\QtMultimedia /ID:\Qt\5.3\msvc2013_64_opengl\include\QtMultimediaWidgets /nologo /W1 /WX- /O2 /D UNICODE /D WIN32 /D WIN64 /D QT_DLL /D QT_NO_DEBUG /D NDEBUG /D QT_CORE_LIB /D QT_GUI_LIB /D QT_WIDGETS_LIB /D QT_MULTIMEDIA_LIB /D QT_MULTIMEDIAWIDGETS_LIB /Gm- /EHsc /MD /GS /fp:precise /Zc:wchar_t /Zc:forScope /Fo"x64\Release\\" /Fd"x64\Release\vc120.pdb" /Gd /TP /errorReport:prompt rhythm_game.cpp
         rhythm_game.cpp
     1>rhythm_game.cpp(113): warning C4129: 'm' : unrecognized character escape sequence
     1>rhythm_game.cpp(114): warning C4129: 'm' : unrecognized character escape sequence
     1>rhythm_game.cpp(118): warning C4129: 'm' : unrecognized character escape sequence
     1>rhythm_game.cpp(119): warning C4129: 'm' : unrecognized character escape sequence
     1>rhythm_game.cpp(123): warning C4129: 'm' : unrecognized character escape sequence
     1>rhythm_game.cpp(124): warning C4129: 'm' : unrecognized character escape sequence
     1>rhythm_game.cpp(128): warning C4129: 'm' : unrecognized character escape sequence
     1>rhythm_game.cpp(129): warning C4129: 'm' : unrecognized character escape sequence
     1>rhythm_game.cpp(130): warning C4129: 'm' : unrecognized character escape sequence
       Link:
         D:\Program Files (x86)\Microsoft Visual Studio 12.0\VC\bin\x86_amd64\link.exe /ERRORREPORT:PROMPT /OUT:"D:\Users\BoGyeong\source\repos\Project\capstone\Rhythm_Game\x64\Release\\Rhythm_Game.exe" /NOLOGO /LIBPATH:"D:\opencv-3.4.1\build\install\x64\vc12\lib" /LIBPATH:D:\Qt\5.3\msvc2013_64_opengl\lib qtmain.lib Qt5Core.lib Qt5Gui.lib Qt5Widgets.lib opencv_world341.lib Qt5Multimedia.lib Qt5MultimediaWidgets.lib kernel32.lib user32.lib gdi32.lib winspool.lib comdlg32.lib advapi32.lib shell32.lib ole32.lib oleaut32.lib uuid.lib odbc32.lib odbccp32.lib /MANIFEST /MANIFESTUAC:"level='asInvoker' uiAccess='false'" /manifest:embed /PDB:"D:\Users\BoGyeong\source\repos\Project\capstone\Rhythm_Game\x64\Release\Rhythm_Game.pdb" /SUBSYSTEM:WINDOWS /TLBID:1 /DYNAMICBASE /NXCOMPAT /IMPLIB:"D:\Users\BoGyeong\source\repos\Project\capstone\Rhythm_Game\x64\Release\Rhythm_Game.lib" /MACHINE:X64 x64\Release\qrc_rhythm_game.obj
         x64\Release\moc_rhythm_game.obj
         x64\Release\Image.obj
         x64\Release\main.obj
         x64\Release\track.obj
         x64\Release\rhythm_game.obj
         Rhythm_Game.vcxproj -> D:\Users\BoGyeong\source\repos\Project\capstone\Rhythm_Game\x64\Release\Rhythm_Game.exe
     1>Done Building Project "D:\Users\BoGyeong\source\repos\Project\capstone\Rhythm_Game\Rhythm_Game\Rhythm_Game.vcxproj" (Build target(s)).

Build succeeded.

Time Elapsed 00:00:02.47
